This is TeX, C Version 3.0 (format=lplain 90.11.25)  6 APR 1994 14:31
**&lplain 7166_images.tex
(7166_images.tex
LaTeX Version 2.09 <7 Dec 1989>

(/usr/local/lib/tex/macros/report.sty
Document Style `report' <13 Nov 89>.
(/usr/local/lib/tex/macros/rep10.sty)
\descriptionmargin=\dimen99
\c@part=\count79
\c@chapter=\count80
\c@section=\count81
\c@subsection=\count82
\c@subsubsection=\count83
\c@paragraph=\count84
\c@subparagraph=\count85
\c@figure=\count86
\c@table=\count87
(/usr/local/lib/tex/macros/titlepage.sty))
No file 7166_images.aux.
[1


] [2

] [3

] [4

] [5

] [6

] [7

] [8

] (7166_images.aux) ) 
Here is how much of TeX's memory you used:
 161 strings out of 6963
 1637 string characters out of 63344
 26275 words of memory out of 262141
 2112 multiletter control sequences out of 9500
 18996 words of font info for 72 fonts, out of 72000 for 255
 14 hyphenation exceptions out of 607
 12i,4n,15p,157b,50s stack positions out of 300i,200n,200p,3000b,4000s

Output written on 7166_images.dvi (8 pages, 848 bytes).
